<?xml version="1.0" encoding="UTF-8"?>

<beans xmlns="http://www.springframework.org/schema/beans"
	    xmlns:xsi="http://www.w3.org/2001/XMLSchema-instance"
	    xmlns:jaxws="http://cxf.apache.org/jaxws"
	    xmlns:p="http://www.springframework.org/schema/p" 
	    xmlns:context="http://www.springframework.org/schema/context"
	    xmlns:tx="http://www.springframework.org/schema/tx"
	    xmlns:mvc="http://www.springframework.org/schema/mvc"
	    xsi:schemaLocation="
 
	http://www.springframework.org/schema/beans	 
	http://www.springframework.org/schema/beans/spring-beans.xsd
	 
	http://www.springframework.org/schema/mvc	 
	http://www.springframework.org/schema/mvc/spring-mvc.xsd
	
	http://www.springframework.org/schema/context
	http://www.springframework.org/schema/context/spring-context.xsd
	
	http://cxf.apache.org/jaxws 
	http://cxf.apache.org/schemas/jaxws.xsd
	
	http://www.springframework.org/schema/tx 
	http://www.springframework.org/schema/tx/spring-tx.xsd">
	
	<context:property-placeholder location="classpath:db/db.properties"/>
		
	<bean id="configDataSource" destroy-method="close"
	  class="org.apache.commons.dbcp.BasicDataSource">
	    <property name="driverClassName" value="${db.driver}"/>
	    <property name="url" value="${db.url}"/>
	    <property name="username" value="${db.username}"/>
	    <property name="password" value="${db.password}"/>
	    <property name="initialSize" value="3"/>
        <property name="testWhileIdle" value="true" />
        <property name="timeBetweenEvictionRunsMillis" value="300000" />
        <property name="numTestsPerEvictionRun" value="6" />
        <property name="minEvictableIdleTimeMillis" value="1800000" />
        <property name="maxActive" value="5" />
        <property name="maxIdle" value="5" />
        <property name="maxWait" value="5000" />
        <property name="poolPreparedStatements" value="true" />
        <property name="maxOpenPreparedStatements" value="10" />
        <property name="defaultAutoCommit" value="false" />
	</bean>	
		
	<bean id="configService" class="org.podcastpedia.common.util.config.ConfigServiceImpl">
		<property name="configBean" ref="configBean"/>
	</bean> 
		
    <bean id="configBean" class="org.podcastpedia.common.util.config.ConfigBeanJdbcImpl">
        <property name="dataSource" ref="configDataSource" />
    </bean>	   
    
    <!-- ********************************* email service configuration ******************************* -->
   <bean id="emailNotificationService" class="org.podcastpedia.service.impl.EmailNotificationServiceImpl">
      <property name="mailSender" ref="mailSender"/>
      <property name="velocityEngine" ref="velocityEngine"/>
   </bean> 

   <bean id="mailSender" class="org.springframework.mail.javamail.JavaMailSenderImpl"> 
	<property name="host" value="mail.podcastpedia.org" />
	<property name="port" value="25" />
	<property name="username" value="contact@podcastpedia.org" />
	<property name="password" value="Contacting1983$" />
   </bean>    
   
   <bean id="velocityEngine" class="org.springframework.ui.velocity.VelocityEngineFactoryBean">
      <property name="velocityProperties">
         <value>
          resource.loader=class
          class.resource.loader.class=org.apache.velocity.runtime.resource.loader.ClasspathResourceLoader
         </value>
      </property>
   </bean>    
	
</beans>